<?xml version="1.0" encoding="UTF-8"?>
<testsuite name="com.automation.steps.TestRunner" time="97.505" tests="5" errors="0" skipped="0" failures="0">
  <properties>
[...]
</properties>
  <testcase name="Verify the right count of values are displayed on Home page" classname="Exercise1 Home Page Verification" time="18.438"/>
  <testcase name="Verify values are greater on 0" classname="Exercise1 Home Page Verification" time="27.035"/>
  <testcase name="Verify total balance is correct" classname="Exercise1 Home Page Verification" time="25.63"/>
  <testcase name="Verify values are formatted as currency" classname="Exercise1 Home Page Verification" time="13.663"/>
  <testcase name="Verify total balance is equal to sum of all values" classname="Exercise1 Home Page Verification" time="12.739"/>
</testsuite>